{"uid":"e67e51dfbd213608","name":"test_production_db_host","fullName":"tests.test_first#test_production_db_host","historyId":"2df5ed5c80bbaa00bb37c7a82cca979a","time":{"start":1718872542381,"stop":1718872542381,"duration":0},"status":"skipped","statusMessage":"Skipped: skipped on this env: staging","statusTrace":"('/home/runner/work/pytest_ci_actions/pytest_ci_actions/tests/test_first.py', 19, 'Skipped: skipped on this env: staging')","flaky":false,"newFailed":false,"newBroken":false,"newPassed":false,"retriesCount":0,"retriesStatusChange":false,"beforeStages":[{"name":"env","time":{"start":1718872542382,"stop":1718872542382,"duration":0},"status":"passed","steps":[],"attachments":[],"parameters":[],"shouldDisplayMessage":false,"stepsCount":0,"attachmentsCount":0,"hasContent":false},{"name":"skip_by_env","time":{"start":1718872542382,"stop":1718872542382,"duration":0},"status":"skipped","statusMessage":"Skipped: skipped on this env: staging\n","statusTrace":"  File \"/opt/hostedtoolcache/Python/3.12.4/x64/lib/python3.12/site-packages/pluggy/_callers.py\", line 167, in _multicall\n    teardown.throw(outcome._exception)\n  File \"/opt/hostedtoolcache/Python/3.12.4/x64/lib/python3.12/site-packages/_pytest/setuponly.py\", line 36, in pytest_fixture_setup\n    return (yield)\n            ^^^^^\n  File \"/opt/hostedtoolcache/Python/3.12.4/x64/lib/python3.12/site-packages/pluggy/_callers.py\", line 103, in _multicall\n    res = hook_impl.function(*args)\n          ^^^^^^^^^^^^^^^^^^^^^^^^^\n  File \"/opt/hostedtoolcache/Python/3.12.4/x64/lib/python3.12/site-packages/_pytest/fixtures.py\", line 1125, in pytest_fixture_setup\n    result = call_fixture_func(fixturefunc, request, kwargs)\n             ^^^^^^^^^^^^^^^^^^^^^^^^^^^^^^^^^^^^^^^^^^^^^^^\n  File \"/opt/hostedtoolcache/Python/3.12.4/x64/lib/python3.12/site-packages/_pytest/fixtures.py\", line 887, in call_fixture_func\n    fixture_result = fixturefunc(**kwargs)\n                     ^^^^^^^^^^^^^^^^^^^^^\n  File \"/home/runner/work/pytest_ci_actions/pytest_ci_actions/tests/conftest.py\", line 15, in skip_by_env\n    pytest.skip(\"skipped on this env: {}\".format(env))\n  File \"/opt/hostedtoolcache/Python/3.12.4/x64/lib/python3.12/site-packages/_pytest/outcomes.py\", line 159, in skip\n    raise Skipped(msg=reason, allow_module_level=allow_module_level)\n","steps":[],"attachments":[],"parameters":[],"shouldDisplayMessage":true,"stepsCount":0,"attachmentsCount":0,"hasContent":true}],"afterStages":[],"labels":[{"name":"tag","value":"skip_by_env('staging')"},{"name":"parentSuite","value":"tests"},{"name":"suite","value":"test_first"},{"name":"host","value":"fv-az1242-633"},{"name":"thread","value":"2077-MainThread"},{"name":"framework","value":"pytest"},{"name":"language","value":"cpython3"},{"name":"package","value":"tests.test_first"},{"name":"resultFormat","value":"allure2"}],"parameters":[],"links":[],"hidden":false,"retry":false,"extra":{"severity":"normal","retries":[],"categories":[],"history":{"statistic":{"failed":2,"broken":0,"skipped":1,"passed":0,"unknown":0,"total":3},"items":[{"uid":"f161b407aab4aac7","reportUrl":"https://cindyluo.github.io/pytest_ci_actions/15//#testresult/f161b407aab4aac7","status":"failed","statusDetails":"AssertionError: assert '' == '5.6.7.8'\n  \n  - 5.6.7.8","time":{"start":1718872135411,"stop":1718872135412,"duration":1}},{"uid":"3f2174c5da9f95ae","reportUrl":"https://cindyluo.github.io/pytest_ci_actions/14//#testresult/3f2174c5da9f95ae","status":"failed","statusDetails":"AssertionError: assert '' == '5.6.7.8'\n  \n  - 5.6.7.8","time":{"start":1718871796020,"stop":1718871796021,"duration":1}}]},"tags":["skip_by_env('staging')"]},"source":"e67e51dfbd213608.json","parameterValues":[]}